<?xml version="1.0" encoding="UTF-8"?>
<!-- Generated by org.testng.reporters.JUnitReportReporter -->
<testsuite hostname="Lenovo-hb" name="ctiLink.resourceManager.SipGroupTest" tests="4" failures="0" timestamp="20 Jul 2016 07:51:09 GMT" time="0.387" errors="0">
  <testcase name="createSipGroup" time="0.126" classname="ctiLink.resourceManager.SipGroupTest"/>
  <testcase name="deleteSipGroup" time="0.180" classname="ctiLink.resourceManager.SipGroupTest"/>
  <testcase name="listSipGroup" time="0.007" classname="ctiLink.resourceManager.SipGroupTest"/>
  <testcase name="updateSipGroup" time="0.074" classname="ctiLink.resourceManager.SipGroupTest"/>
</testsuite> <!-- ctiLink.resourceManager.SipGroupTest -->
