<?xml version="1.0" encoding="UTF-8"?>
<!-- Generated by org.testng.reporters.JUnitReportReporter -->
<testsuite hostname="Lenovo-hb" name="ctiLink.resourceManager.SipMediaServerTest" tests="1" failures="0" timestamp="20 Jul 2016 07:41:44 GMT" time="3.053" errors="0">
  <testcase name="registrySipMediaServer" time="3.053" classname="ctiLink.resourceManager.SipMediaServerTest"/>
</testsuite> <!-- ctiLink.resourceManager.SipMediaServerTest -->
