<?xml version="1.0" encoding="UTF-8"?>
<!-- Generated by org.testng.reporters.JUnitReportReporter -->
<testsuite hostname="Lenovo-hb" name="ctiLink.resourceManager.SipGroupDataProvider" tests="1" failures="0" timestamp="19 Jul 2016 11:37:40 GMT" time="0.519" errors="0">
  <testcase name="listSipGroup" time="0.519" classname="ctiLink.resourceManager.SipGroupDataProvider"/>
</testsuite> <!-- ctiLink.resourceManager.SipGroupDataProvider -->
